{ rows:
   { globalStartIndex: 0,
     useOffset: true,
     values:
      { id: null,
        chr: [Array],
        strand: null,
        metadata: [Object],
        start: [Array],
        end: [Array] } },
  values: { globalStartIndex: 0, values: {} } }
File size
100000004
Time to load and parse
1
--------------
{ rows:
   { globalStartIndex: 0,
     useOffset: true,
     values:
      { id: null,
        chr: [Array],
        strand: null,
        metadata: [Object],
        start: [Array],
        end: [Array] } },
  values: { globalStartIndex: 0, values: {} } }
File size
100000004
Time to load and parse
1
--------------
{ rows:
   { globalStartIndex: 0,
     useOffset: true,
     values:
      { id: null,
        chr: [Array],
        strand: null,
        metadata: [Object],
        start: [Array],
        end: [Array] } },
  values: { globalStartIndex: 0, values: {} } }
File size
100000004
Time to load and parse
0
--------------
{ rows:
   { globalStartIndex: 0,
     useOffset: true,
     values:
      { id: null,
        chr: [Array],
        strand: null,
        metadata: [Object],
        start: [Array],
        end: [Array] } },
  values: { globalStartIndex: 0, values: {} } }
File size
100000004
Time to load and parse
1
--------------
{ rows:
   { globalStartIndex: 0,
     useOffset: true,
     values:
      { id: null,
        chr: [Array],
        strand: null,
        metadata: [Object],
        start: [Array],
        end: [Array] } },
  values: { globalStartIndex: 0, values: {} } }
File size
100000004
Time to load and parse
1
--------------
{ rows:
   { globalStartIndex: 0,
     useOffset: true,
     values:
      { id: null,
        chr: [Array],
        strand: null,
        metadata: [Object],
        start: [Array],
        end: [Array] } },
  values: { globalStartIndex: 0, values: {} } }
File size
100000004
Time to load and parse
0
--------------
{ rows:
   { globalStartIndex: 0,
     useOffset: true,
     values:
      { id: null,
        chr: [Array],
        strand: null,
        metadata: [Object],
        start: [Array],
        end: [Array] } },
  values: { globalStartIndex: 0, values: {} } }
File size
100000004
Time to load and parse
15
--------------
{ rows:
   { globalStartIndex: 0,
     useOffset: true,
     values:
      { id: null,
        chr: [Array],
        strand: null,
        metadata: [Object],
        start: [Array],
        end: [Array] } },
  values: { globalStartIndex: 0, values: {} } }
File size
100000004
Time to load and parse
0
--------------
{ rows:
   { globalStartIndex: 0,
     useOffset: true,
     values:
      { id: null,
        chr: [Array],
        strand: null,
        metadata: [Object],
        start: [Array],
        end: [Array] } },
  values: { globalStartIndex: 0, values: {} } }
File size
100000004
Time to load and parse
1
--------------
{ rows:
   { globalStartIndex: 0,
     useOffset: true,
     values:
      { id: null,
        chr: [Array],
        strand: null,
        metadata: [Object],
        start: [Array],
        end: [Array] } },
  values: { globalStartIndex: 0, values: {} } }
File size
100000004
Time to load and parse
3
--------------
{ rows:
   { globalStartIndex: 0,
     useOffset: true,
     values:
      { id: null,
        chr: [Array],
        strand: null,
        metadata: [Object],
        start: [Array],
        end: [Array] } },
  values: { globalStartIndex: 0, values: {} } }
File size
100000004
Time to load and parse
3
--------------
{ rows:
   { globalStartIndex: 0,
     useOffset: true,
     values:
      { id: null,
        chr: [Array],
        strand: null,
        metadata: [Object],
        start: [Array],
        end: [Array] } },
  values: { globalStartIndex: 0, values: {} } }
File size
100000004
Time to load and parse
2
--------------
{ rows:
   { globalStartIndex: 0,
     useOffset: true,
     values:
      { id: null,
        chr: [Array],
        strand: null,
        metadata: [Object],
        start: [Array],
        end: [Array] } },
  values: { globalStartIndex: 0, values: {} } }
File size
100000004
Time to load and parse
15
--------------
{ rows:
   { globalStartIndex: 0,
     useOffset: true,
     values:
      { id: null,
        chr: [Array],
        strand: null,
        metadata: [Object],
        start: [Array],
        end: [Array] } },
  values: { globalStartIndex: 0, values: {} } }
File size
100000004
Time to load and parse
25
--------------
{ rows:
   { globalStartIndex: 0,
     useOffset: true,
     values:
      { id: null,
        chr: [Array],
        strand: null,
        metadata: [Object],
        start: [Array],
        end: [Array] } },
  values: { globalStartIndex: 0, values: {} } }
File size
100000004
Time to load and parse
12
--------------
{ rows:
   { globalStartIndex: 0,
     useOffset: true,
     values:
      { id: null,
        chr: [Array],
        strand: null,
        metadata: [Object],
        start: [Array],
        end: [Array] } },
  values: { globalStartIndex: 0, values: {} } }
File size
100000004
Time to load and parse
15
--------------
{ rows:
   { globalStartIndex: 0,
     useOffset: true,
     values:
      { id: null,
        chr: [Array],
        strand: null,
        metadata: [Object],
        start: [Array],
        end: [Array] } },
  values: { globalStartIndex: 0, values: {} } }
File size
100000004
Time to load and parse
193
--------------
{ rows:
   { globalStartIndex: 0,
     useOffset: true,
     values:
      { id: null,
        chr: [Array],
        strand: null,
        metadata: [Object],
        start: [Array],
        end: [Array] } },
  values: { globalStartIndex: 0, values: {} } }
File size
100000004
Time to load and parse
171
--------------
{ rows:
   { globalStartIndex: 0,
     useOffset: true,
     values:
      { id: null,
        chr: [Array],
        strand: null,
        metadata: [Object],
        start: [Array],
        end: [Array] } },
  values: { globalStartIndex: 0, values: {} } }
File size
100000004
Time to load and parse
176
--------------
{ rows:
   { globalStartIndex: 0,
     useOffset: true,
     values:
      { id: null,
        chr: [Array],
        strand: null,
        metadata: [Object],
        start: [Array],
        end: [Array] } },
  values: { globalStartIndex: 0, values: {} } }
File size
100000004
Time to load and parse
165
--------------
