testing for range  448 10000
original DF size
1804
time to compress to msgpack:  0.00045108795166015625 read from msgpack:  0.0008230209350585938
msgpack size:  1194
time to compress to json:  0.00037407875061035156 read from json:  0.017035961151123047
msgpack size:  1042
 
time difference to compress:  7.700920104980469e-05 time difference to read:  -0.016212940216064453
size difference:  152
--------------------------
testing for range  263 100000
original DF size
16764
time to compress to msgpack:  0.0004627704620361328 read from msgpack:  0.0007851123809814453
msgpack size:  6303
time to compress to json:  0.00034809112548828125 read from json:  0.00434112548828125
msgpack size:  10576
 
time difference to compress:  0.00011467933654785156 time difference to read:  -0.0035560131072998047
size difference:  -4273
--------------------------
testing for range  253 1000000
original DF size
166194
time to compress to msgpack:  0.00164794921875 read from msgpack:  0.0013408660888671875
msgpack size:  57289
time to compress to json:  0.0013282299041748047 read from json:  0.009948968887329102
msgpack size:  116306
 
time difference to compress:  0.0003197193145751953 time difference to read:  -0.008608102798461914
size difference:  -59017
--------------------------
testing for range  479 10000000
original DF size
1660324
time to compress to msgpack:  0.005829811096191406 read from msgpack:  0.003802061080932617
msgpack size:  567055
time to compress to json:  0.010905027389526367 read from json:  0.059384822845458984
msgpack size:  1277552
 
time difference to compress:  -0.005075216293334961 time difference to read:  -0.05558276176452637
size difference:  -710497
--------------------------
